21-Aug-2024 19:24:22.091 INFO [main] org.apache.catalina.startup.VersionLoggerListener.log Server version name:   Apache Tomcat/9.0.62
21-Aug-2024 19:24:22.096 INFO [main] org.apache.catalina.startup.VersionLoggerListener.log Server built:          Mar 31 2022 14:34:15 UTC
21-Aug-2024 19:24:22.096 INFO [main] org.apache.catalina.startup.VersionLoggerListener.log Server version number: 9.0.62.0
21-Aug-2024 19:24:22.096 INFO [main] org.apache.catalina.startup.VersionLoggerListener.log OS Name:               Windows 11
21-Aug-2024 19:24:22.096 INFO [main] org.apache.catalina.startup.VersionLoggerListener.log OS Version:            10.0
21-Aug-2024 19:24:22.096 INFO [main] org.apache.catalina.startup.VersionLoggerListener.log Architecture:          amd64
21-Aug-2024 19:24:22.096 INFO [main] org.apache.catalina.startup.VersionLoggerListener.log Java Home:             C:\Users\DELL\.jdks\corretto-1.8.0_422\jre
21-Aug-2024 19:24:22.096 INFO [main] org.apache.catalina.startup.VersionLoggerListener.log JVM Version:           1.8.0_422-b05
21-Aug-2024 19:24:22.097 INFO [main] org.apache.catalina.startup.VersionLoggerListener.log JVM Vendor:            Amazon.com Inc.
21-Aug-2024 19:24:22.097 INFO [main] org.apache.catalina.startup.VersionLoggerListener.log CATALINA_BASE:         E:\java\demo_spring\mvc\mvc_demo_day3
21-Aug-2024 19:24:22.097 INFO [main] org.apache.catalina.startup.VersionLoggerListener.log CATALINA_HOME:         E:\java\apache-tomcat-9.0.62\apache-tomcat-9.0.62
21-Aug-2024 19:24:22.102 INFO [main] org.apache.catalina.startup.VersionLoggerListener.log Command line argument: -Dcatalina.home=E:\java\apache-tomcat-9.0.62\apache-tomcat-9.0.62
21-Aug-2024 19:24:22.103 INFO [main] org.apache.catalina.startup.VersionLoggerListener.log Command line argument: -Dcatalina.base=E:\java\demo_spring\mvc\mvc_demo_day3
21-Aug-2024 19:24:22.103 INFO [main] org.apache.catalina.startup.VersionLoggerListener.log Command line argument: -Djava.io.tmpdir=E:\java\demo_spring\mvc\mvc_demo_day3\temp
21-Aug-2024 19:24:22.103 INFO [main] org.apache.catalina.startup.VersionLoggerListener.log Command line argument: -Djava.util.logging.config.file=E:\java\demo_spring\mvc\mvc_demo_day3\conf\logging.properties
21-Aug-2024 19:24:22.103 INFO [main] org.apache.catalina.startup.VersionLoggerListener.log Command line argument: -Djava.util.logging.manager=org.apache.juli.ClassLoaderLogManager
21-Aug-2024 19:24:22.103 INFO [main] org.apache.catalina.startup.VersionLoggerListener.log Command line argument: -javaagent:E:\java\spring boot\IntelliJ IDEA Community Edition 2024.1.4\lib\idea_rt.jar=59557:E:\java\spring boot\IntelliJ IDEA Community Edition 2024.1.4\bin
21-Aug-2024 19:24:22.103 INFO [main] org.apache.catalina.startup.VersionLoggerListener.log Command line argument: -Dfile.encoding=UTF-8
21-Aug-2024 19:24:22.112 INFO [main] org.apache.catalina.core.AprLifecycleListener.lifecycleEvent Loaded Apache Tomcat Native library [1.2.32] using APR version [1.7.0].
21-Aug-2024 19:24:22.112 INFO [main] org.apache.catalina.core.AprLifecycleListener.lifecycleEvent APR capabilities: IPv6 [true], sendfile [true], accept filters [false], random [true], UDS [true].
21-Aug-2024 19:24:22.112 INFO [main] org.apache.catalina.core.AprLifecycleListener.lifecycleEvent APR/OpenSSL configuration: useAprConnector [false], useOpenSSL [true]
21-Aug-2024 19:24:22.134 INFO [main] org.apache.catalina.core.AprLifecycleListener.initializeSSL OpenSSL successfully initialized [OpenSSL 1.1.1n  15 Mar 2022]
21-Aug-2024 19:24:22.627 INFO [main] org.apache.coyote.AbstractProtocol.init Initializing ProtocolHandler ["http-nio-8080"]
21-Aug-2024 19:24:22.653 INFO [main] org.apache.catalina.startup.Catalina.load Server initialization in [856] milliseconds
21-Aug-2024 19:24:22.698 INFO [main] org.apache.catalina.core.StandardService.startInternal Starting service [Catalina]
21-Aug-2024 19:24:22.698 INFO [main] org.apache.catalina.core.StandardEngine.startInternal Starting Servlet engine: [Apache Tomcat/9.0.62]
21-Aug-2024 19:24:22.709 INFO [main] org.apache.catalina.startup.HostConfig.deployDescriptor Deploying deployment descriptor [E:\java\demo_spring\mvc\mvc_demo_day3\conf\Catalina\localhost\ROOT.xml]
21-Aug-2024 19:24:25.977 INFO [main] org.apache.jasper.servlet.TldScanner.scanJars At least one JAR was scanned for TLDs yet contained no TLDs. Enable debug logging for this logger for a complete list of JARs that were scanned but no TLDs were found in them. Skipping unneeded JARs during scanning can improve startup time and JSP compilation time.
21-Aug-2024 19:24:27.458 INFO [main] org.hibernate.jpa.internal.util.LogHelper.logPersistenceUnitInformation HHH000204: Processing PersistenceUnitInfo [name: default]
21-Aug-2024 19:24:27.604 INFO [main] org.hibernate.Version.logVersion HHH000412: Hibernate ORM core version 5.4.23.Final
21-Aug-2024 19:24:27.970 INFO [main] org.hibernate.annotations.common.reflection.java.JavaReflectionManager.<clinit> HCANN000001: Hibernate Commons Annotations {5.1.2.Final}
21-Aug-2024 19:24:28.862 INFO [main] org.hibernate.dialect.Dialect.<init> HHH000400: Using dialect: org.hibernate.dialect.MySQL5InnoDBDialect
21-Aug-2024 19:24:29.412 INFO [main] org.hibernate.validator.internal.util.Version.<clinit> HV000001: Hibernate Validator 6.1.6.Final
21-Aug-2024 19:24:30.668 INFO [main] org.hibernate.engine.transaction.jta.platform.internal.JtaPlatformInitiator.initiateService HHH000490: Using JtaPlatform implementation: [org.hibernate.engine.transaction.jta.platform.internal.NoJtaPlatform]
21-Aug-2024 19:24:32.260 INFO [main] org.apache.catalina.startup.HostConfig.deployDescriptor Deployment of deployment descriptor [E:\java\demo_spring\mvc\mvc_demo_day3\conf\Catalina\localhost\ROOT.xml] has finished in [9,549] ms
21-Aug-2024 19:24:32.263 INFO [main] org.apache.coyote.AbstractProtocol.start Starting ProtocolHandler ["http-nio-8080"]
21-Aug-2024 19:24:32.458 INFO [main] org.apache.catalina.startup.Catalina.start Server startup in [9804] milliseconds
21-Aug-2024 19:25:32.178 INFO [Thread-3] org.apache.coyote.AbstractProtocol.pause Pausing ProtocolHandler ["http-nio-8080"]
21-Aug-2024 19:25:32.299 INFO [Thread-3] org.apache.catalina.core.StandardService.stopInternal Stopping service [Catalina]
21-Aug-2024 19:25:32.319 WARNING [Thread-3] org.apache.catalina.loader.WebappClassLoaderBase.clearReferencesJdbc The web application [ROOT] registered the JDBC driver [com.mysql.cj.jdbc.Driver] but failed to unregister it when the web application was stopped. To prevent a memory leak, the JDBC Driver has been forcibly unregistered.
21-Aug-2024 19:25:32.320 WARNING [Thread-3] org.apache.catalina.loader.WebappClassLoaderBase.clearReferencesThreads The web application [ROOT] appears to have started a thread named [mysql-cj-abandoned-connection-cleanup] but has failed to stop it. This is very likely to create a memory leak. Stack trace of thread:
 java.lang.Object.wait(Native Method)
 java.lang.ref.ReferenceQueue.remove(ReferenceQueue.java:144)
 com.mysql.cj.jdbc.AbandonedConnectionCleanupThread.run(AbandonedConnectionCleanupThread.java:91)
 java.util.concurrent.ThreadPoolExecutor.runWorker(ThreadPoolExecutor.java:1149)
 java.util.concurrent.ThreadPoolExecutor$Worker.run(ThreadPoolExecutor.java:624)
 java.lang.Thread.run(Thread.java:750)
21-Aug-2024 19:25:32.332 INFO [Thread-3] org.apache.coyote.AbstractProtocol.stop Stopping ProtocolHandler ["http-nio-8080"]
21-Aug-2024 19:25:32.347 INFO [Thread-3] org.apache.coyote.AbstractProtocol.destroy Destroying ProtocolHandler ["http-nio-8080"]
